<?xml version="1.0" encoding="UTF-8"?>
<!-- Generated by org.testng.reporters.JUnitReportReporter -->
<testsuite hostname="DESKTOP-9A7LM1A" failures="0" tests="1" name="com.test.Test1" time="10.811" errors="0" timestamp="2022-08-27T07:37:45 PDT" skipped="0">
  <testcase classname="com.test.Test1" name="test_01" time="10.811"/>
  <system-out/>
</testsuite> <!-- com.test.Test1 -->
